{"D:\\likejianSave\\vue_study\\vscode\\myComponentLibrary\\src\\components\\button\\Button.vue": {"path":"D:\\likejianSave\\vue_study\\vscode\\myComponentLibrary\\src\\components\\button\\Button.vue","statementMap":{"0":{"start":{"line":3,"column":0},"end":{"line":5,"column":3}},"1":{"start":{"line":6,"column":12},"end":{"line":6,"column":26}},"2":{"start":{"line":7,"column":0},"end":{"line":34,"column":3}},"3":{"start":{"line":22,"column":17},"end":{"line":22,"column":26}},"4":{"start":{"line":23,"column":4},"end":{"line":23,"column":13}},"5":{"start":{"line":24,"column":16},"end":{"line":24,"column":23}},"6":{"start":{"line":25,"column":23},"end":{"line":27,"column":5}},"7":{"start":{"line":28,"column":4},"end":{"line":31,"column":7}},"8":{"start":{"line":32,"column":4},"end":{"line":32,"column":24}},"9":{"start":{"line":36,"column":0},"end":{"line":36,"column":62}},"10":{"start":{"line":37,"column":0},"end":{"line":37,"column":24}},"11":{"start":{"line":38,"column":12},"end":{"line":38,"column":26}},"12":{"start":{"line":40,"column":4},"end":{"line":45,"column":23}},"13":{"start":{"line":47,"column":0},"end":{"line":47,"column":24}},"14":{"start":{"line":48,"column":1},"end":{"line":48,"column":48}}},"fnMap":{"0":{"name":"(anonymous_0)","decl":{"start":{"line":21,"column":9},"end":{"line":21,"column":10}},"loc":{"start":{"line":21,"column":32},"end":{"line":33,"column":3}},"line":21},"1":{"name":"render","decl":{"start":{"line":39,"column":9},"end":{"line":39,"column":15}},"loc":{"start":{"line":39,"column":63},"end":{"line":46,"column":1}},"line":39}},"branchMap":{"0":{"loc":{"start":{"line":41,"column":56},"end":{"line":41,"column":108}},"type":"cond-expr","locations":[{"start":{"line":41,"column":70},"end":{"line":41,"column":103}},{"start":{"line":41,"column":106},"end":{"line":41,"column":108}}],"line":41},"1":{"loc":{"start":{"line":42,"column":17},"end":{"line":42,"column":69}},"type":"cond-expr","locations":[{"start":{"line":42,"column":31},"end":{"line":42,"column":64}},{"start":{"line":42,"column":67},"end":{"line":42,"column":69}}],"line":42}},"s":{"0":1,"1":1,"2":1,"3":2,"4":2,"5":2,"6":2,"7":2,"8":2,"9":1,"10":1,"11":1,"12":2,"13":1,"14":1},"f":{"0":2,"1":2},"b":{"0":[1,1],"1":[0,2]},"inputSourceMap":{"0":"{","1":"\"","2":"v","3":"e","4":"r","5":"s","6":"i","7":"o","8":"n","9":"\"","10":":","11":"3","12":",","13":"\"","14":"s","15":"o","16":"u","17":"r","18":"c","19":"e","20":"s","21":"\"","22":":","23":"[","24":"]","25":",","26":"\"","27":"n","28":"a","29":"m","30":"e","31":"s","32":"\"","33":":","34":"[","35":"]","36":",","37":"\"","38":"m","39":"a","40":"p","41":"p","42":"i","43":"n","44":"g","45":"s","46":"\"","47":":","48":"\"","49":"\"","50":",","51":"\"","52":"f","53":"i","54":"l","55":"e","56":"\"","57":":","58":"\"","59":"D","60":":","61":"\\","62":"\\","63":"l","64":"i","65":"k","66":"e","67":"j","68":"i","69":"a","70":"n","71":"S","72":"a","73":"v","74":"e","75":"\\","76":"\\","77":"v","78":"u","79":"e","80":"_","81":"s","82":"t","83":"u","84":"d","85":"y","86":"\\","87":"\\","88":"v","89":"s","90":"c","91":"o","92":"d","93":"e","94":"\\","95":"\\","96":"m","97":"y","98":"C","99":"o","100":"m","101":"p","102":"o","103":"n","104":"e","105":"n","106":"t","107":"L","108":"i","109":"b","110":"r","111":"a","112":"r","113":"y","114":"\\","115":"\\","116":"s","117":"r","118":"c","119":"\\","120":"\\","121":"c","122":"o","123":"m","124":"p","125":"o","126":"n","127":"e","128":"n","129":"t","130":"s","131":"\\","132":"\\","133":"b","134":"u","135":"t","136":"t","137":"o","138":"n","139":"\\","140":"\\","141":"B","142":"u","143":"t","144":"t","145":"o","146":"n","147":".","148":"v","149":"u","150":"e","151":"\"","152":",","153":"\"","154":"s","155":"o","156":"u","157":"r","158":"c","159":"e","160":"s","161":"C","162":"o","163":"n","164":"t","165":"e","166":"n","167":"t","168":"\"","169":":","170":"[","171":"]","172":"}"},"_coverageSchema":"1a1c01bbd47fc00a2c39e90264f33305004495a9","hash":"d9b917732a5c3571badf961f099549fdc32b9d39"}
}
